<?xml version="1.0" encoding="UTF-8" ?>
<testsuite tests="2" failures="1" name="db_projecttestCases.LoginTest" time="4.755" errors="0" skipped="1">
  <properties>
[...]
</properties>
  <testcase classname="db_projecttestCases.LoginTest" name="setUp" time="2.377">
    <failure message="session not created: This version of ChromeDriver only supports Chrome version 97
Current browser version is 99.0.4844.51 with binary path C:\Program Files\Google\Chrome\Application\chrome.exe
Build info: version: &apos;3.141.59&apos;, revision: &apos;e82be7d358&apos;, time: &apos;2018-11-14T08:17:03&apos;
System info: host: &apos;TIPS&apos;, ip: &apos;192.168.1.74&apos;, os.name: &apos;Windows 10&apos;, os.arch: &apos;amd64&apos;, os.version: &apos;10.0&apos;, java.version: &apos;1.8.0_311&apos;
Driver info: driver.version: ChromeDriver
remote stacktrace: Backtrace:
	Ordinal0 [0x008BFDC3+2555331]
	Ordinal0 [0x008577F1+2127857]
	Ordinal0 [0x00752E08+1060360]
	Ordinal0 [0x007719CA+1186250]
	Ordinal0 [0x0076D825+1169445]
	Ordinal0 [0x0076AFC1+1159105]
	Ordinal0 [0x0079C22F+1360431]
	Ordinal0 [0x0079BE9A+1359514]
	Ordinal0 [0x00797976+1341814]
	Ordinal0 [0x007736B6+1193654]
	Ordinal0 [0x00774546+1197382]
	GetHandleVerifier [0x00A59622+1619522]
	GetHandleVerifier [0x00B0882C+2336844]
	GetHandleVerifier [0x009523E1+541697]
	GetHandleVerifier [0x00951443+537699]
	Ordinal0 [0x0085D18E+2150798]
	Ordinal0 [0x00861518+2168088]
	Ordinal0 [0x00861660+2168416]
	Ordinal0 [0x0086B330+2208560]
	BaseThreadInitThunk [0x7625FA29+25]
	RtlGetAppContainerNamedObjectPath [0x77507A9E+286]
	RtlGetAppContainerNamedObjectPath [0x77507A6E+238]
" type="org.openqa.selenium.SessionNotCreatedException">org.openqa.selenium.SessionNotCreatedException: session not created: This version of ChromeDriver only supports Chrome version 97
Current browser version is 99.0.4844.51 with binary path C:\Program Files\Google\Chrome\Application\chrome.exe
Build info: version: &apos;3.141.59&apos;, revision: &apos;e82be7d358&apos;, time: &apos;2018-11-14T08:17:03&apos;
System info: host: &apos;TIPS&apos;, ip: &apos;192.168.1.74&apos;, os.name: &apos;Windows 10&apos;, os.arch: &apos;amd64&apos;, os.version: &apos;10.0&apos;, java.version: &apos;1.8.0_311&apos;
Driver info: driver.version: ChromeDriver
remote stacktrace: Backtrace:
	Ordinal0 [0x008BFDC3+2555331]
	Ordinal0 [0x008577F1+2127857]
	Ordinal0 [0x00752E08+1060360]
	Ordinal0 [0x007719CA+1186250]
	Ordinal0 [0x0076D825+1169445]
	Ordinal0 [0x0076AFC1+1159105]
	Ordinal0 [0x0079C22F+1360431]
	Ordinal0 [0x0079BE9A+1359514]
	Ordinal0 [0x00797976+1341814]
	Ordinal0 [0x007736B6+1193654]
	Ordinal0 [0x00774546+1197382]
	GetHandleVerifier [0x00A59622+1619522]
	GetHandleVerifier [0x00B0882C+2336844]
	GetHandleVerifier [0x009523E1+541697]
	GetHandleVerifier [0x00951443+537699]
	Ordinal0 [0x0085D18E+2150798]
	Ordinal0 [0x00861518+2168088]
	Ordinal0 [0x00861660+2168416]
	Ordinal0 [0x0086B330+2208560]
	BaseThreadInitThunk [0x7625FA29+25]
	RtlGetAppContainerNamedObjectPath [0x77507A9E+286]
	RtlGetAppContainerNamedObjectPath [0x77507A6E+238]

	at sun.reflect.NativeConstructorAccessorImpl.newInstance0(Native Method)
	at sun.reflect.NativeConstructorAccessorImpl.newInstance(NativeConstructorAccessorImpl.java:62)
	at sun.reflect.DelegatingConstructorAccessorImpl.newInstance(DelegatingConstructorAccessorImpl.java:45)
	at java.lang.reflect.Constructor.newInstance(Constructor.java:423)
	at org.openqa.selenium.remote.W3CHandshakeResponse.lambda$errorHandler$0(W3CHandshakeResponse.java:62)
	at org.openqa.selenium.remote.HandshakeResponse.lambda$getResponseFunction$0(HandshakeResponse.java:30)
	at org.openqa.selenium.remote.ProtocolHandshake.lambda$createSession$0(ProtocolHandshake.java:126)
	at java.util.stream.ReferencePipeline$3$1.accept(ReferencePipeline.java:193)
	at java.util.Spliterators$ArraySpliterator.tryAdvance(Spliterators.java:958)
	at java.util.stream.ReferencePipeline.forEachWithCancel(ReferencePipeline.java:126)
	at java.util.stream.AbstractPipeline.copyIntoWithCancel(AbstractPipeline.java:499)
	at java.util.stream.AbstractPipeline.copyInto(AbstractPipeline.java:486)
	at java.util.stream.AbstractPipeline.wrapAndCopyInto(AbstractPipeline.java:472)
	at java.util.stream.FindOps$FindOp.evaluateSequential(FindOps.java:152)
	at java.util.stream.AbstractPipeline.evaluate(AbstractPipeline.java:234)
	at java.util.stream.ReferencePipeline.findFirst(ReferencePipeline.java:464)
	at org.openqa.selenium.remote.ProtocolHandshake.createSession(ProtocolHandshake.java:128)
	at org.openqa.selenium.remote.ProtocolHandshake.createSession(ProtocolHandshake.java:74)
	at org.openqa.selenium.remote.HttpCommandExecutor.execute(HttpCommandExecutor.java:136)
	at org.openqa.selenium.remote.service.DriverCommandExecutor.execute(DriverCommandExecutor.java:83)
	at org.openqa.selenium.remote.RemoteWebDriver.execute(RemoteWebDriver.java:552)
	at org.openqa.selenium.remote.RemoteWebDriver.startSession(RemoteWebDriver.java:213)
	at org.openqa.selenium.remote.RemoteWebDriver.&lt;init&gt;(RemoteWebDriver.java:131)
	at org.openqa.selenium.chrome.ChromeDriver.&lt;init&gt;(ChromeDriver.java:181)
	at org.openqa.selenium.chrome.ChromeDriver.&lt;init&gt;(ChromeDriver.java:168)
	at org.openqa.selenium.chrome.ChromeDriver.&lt;init&gt;(ChromeDriver.java:123)
	at base.TestBase.init(TestBase.java:25)
	at db_projecttestCases.LoginTest.setUp(LoginTest.java:21)
</failure>
    <system-out>Configuring TestNG with: org.apache.maven.surefire.testng.conf.TestNG652Configurator@1c655221
</system-out>
    <system-err>Starting ChromeDriver 97.0.4692.71 (adefa7837d02a07a604c1e6eff0b3a09422ab88d-refs/branch-heads/4692@{#1247}) on port 33697
Only local connections are allowed.
Please see https://chromedriver.chromium.org/security-considerations for suggestions on keeping ChromeDriver safe.
ChromeDriver was started successfully.
</system-err>
  </testcase>
  <testcase classname="db_projecttestCases.LoginTest" name="loginTest" time="2.378">
    <skipped/>
  </testcase>
</testsuite>