<?xml version="1.0" encoding="UTF-8"?>
<testng-results skipped="0" failed="0" ignored="0" total="1" passed="1">
  <reporter-output>
  </reporter-output>
  <suite name="Default suite" duration-ms="12857" started-at="2022-02-27T13:24:46 CST" finished-at="2022-02-27T13:24:59 CST">
    <groups>
    </groups>
    <test name="Default test" duration-ms="12857" started-at="2022-02-27T13:24:46 CST" finished-at="2022-02-27T13:24:59 CST">
      <class name="db_projecttestCases.LoginTest">
        <test-method status="PASS" signature="setUp()[pri:0, instance:db_projecttestCases.LoginTest@2bbf4b8b]" name="setUp" is-config="true" duration-ms="4057" started-at="2022-02-27T13:24:46 CST" finished-at="2022-02-27T13:24:50 CST">
          <reporter-output>
          </reporter-output>
        </test-method> <!-- setUp -->
        <test-method status="PASS" signature="loginTest()[pri:1, instance:db_projecttestCases.LoginTest@2bbf4b8b]" name="loginTest" duration-ms="8696" started-at="2022-02-27T13:24:50 CST" finished-at="2022-02-27T13:24:59 CST">
          <reporter-output>
          </reporter-output>
        </test-method> <!-- loginTest -->
      </class> <!-- db_projecttestCases.LoginTest -->
    </test> <!-- Default test -->
  </suite> <!-- Default suite -->
</testng-results>
